Rank: 1, Nproc: 2
Rank: 0, Nproc: 2
Limits: 6, 11, 1, 21, 1, 11
Limits: 1, 6, 1, 21, 1, 11
Linear solve converged due to CONVERGED_ATOL iterations 61
Current time: 0.0496032	timestep: 0.0496032
Linear solve converged due to CONVERGED_ATOL iterations 61
Current time: 0.0992063	timestep: 0.0496032
Linear solve converged due to CONVERGED_ATOL iterations 59
Current time: 0.14881	timestep: 0.0496032
Linear solve converged due to CONVERGED_RTOL iterations 58
Current time: 0.198413	timestep: 0.0496032
Linear solve converged due to CONVERGED_RTOL iterations 56
Current time: 0.246095	timestep: 0.0476819
Linear solve converged due to CONVERGED_RTOL iterations 56
Current time: 0.247369	timestep: 0.00127439
Linear solve converged due to CONVERGED_RTOL iterations 53
Current time: 0.247396	timestep: 2.71391e-05
Linear solve converged due to CONVERGED_RTOL iterations 54
Current time: 0.247397	timestep: 5.32855e-07
Linear solve converged due to CONVERGED_RTOL iterations 52
Current time: 0.247397	timestep: 7.7047e-09
Linear solve converged due to CONVERGED_RTOL iterations 54
Current time: 0.247397	timestep: 1.16802e-10
Linear solve converged due to CONVERGED_RTOL iterations 45
Current time: 0.247397	timestep: 1.18489e-12
Linear solve converged due to CONVERGED_RTOL iterations 53
Current time: 0.247397	timestep: 1.27438e-14
Linear solve converged due to CONVERGED_RTOL iterations 54
Current time: 0.247397	timestep: 1.27973e-16
Linear solve converged due to CONVERGED_RTOL iterations 53
Current time: 0.247397	timestep: 9.87091e-19
Linear solve converged due to CONVERGED_RTOL iterations 51
Current time: 0.247397	timestep: 8.09211e-21
Linear solve converged due to CONVERGED_RTOL iterations 52
Current time: 0.247397	timestep: 6.72669e-23
Linear solve converged due to CONVERGED_RTOL iterations 44
Current time: 0.247397	timestep: 5.49783e-25
Linear solve converged due to CONVERGED_RTOL iterations 54
Current time: 0.247397	timestep: 4.30281e-27
Linear solve converged due to CONVERGED_RTOL iterations 54
Current time: 0.247397	timestep: 2.95089e-29
Linear solve converged due to CONVERGED_RTOL iterations 46
Current time: 0.247397	timestep: 2.10926e-31
Linear solve converged due to CONVERGED_RTOL iterations 53
Current time: 0.247397	timestep: 1.54145e-33
Linear solve converged due to CONVERGED_RTOL iterations 52
Current time: 0.247397	timestep: 1.13736e-35
Linear solve converged due to CONVERGED_RTOL iterations 52
Current time: 0.247397	timestep: 8.39212e-38
Linear solve converged due to CONVERGED_RTOL iterations 52
Current time: 0.247397	timestep: 6.15825e-40
Linear solve converged due to CONVERGED_RTOL iterations 43
Current time: 0.247397	timestep: 4.47496e-42
Linear solve converged due to CONVERGED_RTOL iterations 53
Current time: 0.247397	timestep: 3.21488e-44
Linear solve converged due to CONVERGED_RTOL iterations 43
Current time: 0.247397	timestep: 2.28043e-46
Linear solve converged due to CONVERGED_RTOL iterations 53
Current time: 0.247397	timestep: 1.59787e-48
Linear solve converged due to CONVERGED_RTOL iterations 43
Current time: 0.247397	timestep: 1.10617e-50
Linear solve converged due to CONVERGED_RTOL iterations 53
Current time: 0.247397	timestep: 7.57572e-53
Linear solve converged due to CONVERGED_RTOL iterations 44
Current time: 0.247397	timestep: 5.11851e-55
Linear solve converged due to CONVERGED_RTOL iterations 51
Current time: 0.247397	timestep: 3.40985e-57
Linear solve converged due to CONVERGED_RTOL iterations 45
Current time: 0.247397	timestep: 2.28801e-59
Linear solve converged due to CONVERGED_RTOL iterations 53
Current time: 0.247397	timestep: 1.5437e-61
Linear solve converged due to CONVERGED_RTOL iterations 46
Current time: 0.247397	timestep: 1.04645e-63
Linear solve converged due to CONVERGED_RTOL iterations 53
Current time: 0.247397	timestep: 7.11877e-66
Linear solve converged due to CONVERGED_RTOL iterations 46
Current time: 0.247397	timestep: 4.85804e-68
Linear solve converged due to CONVERGED_RTOL iterations 52
Current time: 0.247397	timestep: 3.32287e-70
Linear solve converged due to CONVERGED_RTOL iterations 46
Current time: 0.247397	timestep: 2.27772e-72
Linear solve converged due to CONVERGED_RTOL iterations 52
Current time: 0.247397	timestep: 1.56364e-74
Linear solve did not converge due to DIVERGED_NANORINF iterations 0
Current time: 0.247397	timestep: 1.07505e-76
Linear solve did not converge due to DIVERGED_NANORINF iterations 0
Current time: 0.247397	timestep: 7.33014e-79
Linear solve did not converge due to DIVERGED_NANORINF iterations 0
Current time: 0.247397	timestep: 4.9901e-81
Linear solve did not converge due to DIVERGED_NANORINF iterations 0
Current time: 0.247397	timestep: 3.32088e-83
Linear solve did not converge due to DIVERGED_NANORINF iterations 0
Current time: 0.247397	timestep: 2.16541e-85
Linear solve did not converge due to DIVERGED_NANORINF iterations 0
Current time: 0.247397	timestep: 1.38814e-87
Linear solve did not converge due to DIVERGED_NANORINF iterations 0
Current time: 0.247397	timestep: 8.77437e-90
Linear solve did not converge due to DIVERGED_NANORINF iterations 0
Current time: 0.247397	timestep: 5.48068e-92
Linear solve did not converge due to DIVERGED_NANORINF iterations 0
Current time: 0.247397	timestep: 3.38609e-94
Linear solve did not converge due to DIVERGED_NANORINF iterations 0
Current time: 0.247397	timestep: 2.07276e-96
Linear solve did not converge due to DIVERGED_NANORINF iterations 0
Current time: 0.247397	timestep: 1.25676e-98
Linear solve did not converge due to DIVERGED_NANORINF iterations 0
Current time: 0.247397	timestep: 7.56197e-101
Linear solve did not converge due to DIVERGED_NANORINF iterations 0
Current time: 0.247397	timestep: 4.50929e-103
Linear solve did not converge due to DIVERGED_NANORINF iterations 0
Current time: 0.247397	timestep: 2.66782e-105
Linear solve did not converge due to DIVERGED_NANORINF iterations 0
Current time: 0.247397	timestep: 1.55165e-107
Linear solve did not converge due to DIVERGED_NANORINF iterations 0
Current time: 0.247397	timestep: 8.20054e-110
Linear solve did not converge due to DIVERGED_NANORINF iterations 0
Current time: 0.247397	timestep: 4.47129e-112
Linear solve did not converge due to DIVERGED_NANORINF iterations 0
Current time: 0.247397	timestep: 2.50438e-114
Linear solve did not converge due to DIVERGED_NANORINF iterations 0
Current time: 0.247397	timestep: 1.44859e-116
Linear solve did not converge due to DIVERGED_NANORINF iterations 0
Current time: 0.247397	timestep: 8.66284e-119
Linear solve did not converge due to DIVERGED_NANORINF iterations 0
Current time: 0.247397	timestep: 5.34822e-121
Linear solve did not converge due to DIVERGED_NANORINF iterations 0
Current time: 0.247397	timestep: 3.38758e-123
Linear solve did not converge due to DIVERGED_NANORINF iterations 0
Current time: 0.247397	timestep: 2.18866e-125
Linear solve did not converge due to DIVERGED_NANORINF iterations 0
Current time: 0.247397	timestep: 1.42506e-127
Linear solve did not converge due to DIVERGED_NANORINF iterations 0
Current time: 0.247397	timestep: 9.25238e-130
Linear solve did not converge due to DIVERGED_NANORINF iterations 0
Current time: 0.247397	timestep: 5.42993e-132
Linear solve did not converge due to DIVERGED_NANORINF iterations 0
Current time: 0.247397	timestep: 3.22384e-134
Linear solve did not converge due to DIVERGED_NANORINF iterations 0
Current time: 0.247397	timestep: 2.04512e-136
Linear solve did not converge due to DIVERGED_NANORINF iterations 0
Current time: 0.247397	timestep: 1.37314e-138
Linear solve did not converge due to DIVERGED_NANORINF iterations 0
Current time: 0.247397	timestep: 9.5798e-141
Linear solve did not converge due to DIVERGED_NANORINF iterations 0
Current time: 0.247397	timestep: 6.88082e-143
Linear solve did not converge due to DIVERGED_NANORINF iterations 0
Current time: 0.247397	timestep: 5.026e-145
Linear solve did not converge due to DIVERGED_NANORINF iterations 0
Current time: 0.247397	timestep: 3.7123e-147
Linear solve did not converge due to DIVERGED_NANORINF iterations 0
Current time: 0.247397	timestep: 2.7558e-149
Linear solve did not converge due to DIVERGED_NANORINF iterations 0
Current time: 0.247397	timestep: 2.05068e-151
Linear solve did not converge due to DIVERGED_NANORINF iterations 0
Current time: 0.247397	timestep: 1.52568e-153
Linear solve did not converge due to DIVERGED_NANORINF iterations 0
Current time: 0.247397	timestep: 1.13361e-155
Linear solve did not converge due to DIVERGED_NANORINF iterations 0
Current time: 0.247397	timestep: 0
Linear solve did not converge due to DIVERGED_NANORINF iterations 0
Current time: 0.247397	timestep: 1.12916e-141
Linear solve did not converge due to DIVERGED_NANORINF iterations 0
Current time: 0.247397	timestep: 3.31895e-138
Linear solve did not converge due to DIVERGED_NANORINF iterations 0
Current time: 0.247397	timestep: 3.31895e-138
Linear solve did not converge due to DIVERGED_NANORINF iterations 0
Current time: 0.247397	timestep: 3.31895e-138
Linear solve did not converge due to DIVERGED_NANORINF iterations 0
Current time: 0.247397	timestep: 3.31895e-138
Linear solve did not converge due to DIVERGED_NANORINF iterations 0
Current time: 0.247397	timestep: 2.30598e-86
Linear solve did not converge due to DIVERGED_NANORINF iterations 0
Current time: 0.297	timestep: 0.0496032
Linear solve did not converge due to DIVERGED_NANORINF iterations 0
Current time: 0.346603	timestep: 0.0496032
Linear solve did not converge due to DIVERGED_NANORINF iterations 0
Current time: 0.396206	timestep: 0.0496032
Linear solve did not converge due to DIVERGED_NANORINF iterations 0
Current time: 0.445809	timestep: 0.0496032
Linear solve did not converge due to DIVERGED_NANORINF iterations 0
Current time: 0.495413	timestep: 0.0496032
Linear solve did not converge due to DIVERGED_NANORINF iterations 0
Current time: 0.545016	timestep: 0.0496032
Linear solve did not converge due to DIVERGED_NANORINF iterations 0
Current time: 0.594619	timestep: 0.0496032
Linear solve did not converge due to DIVERGED_NANORINF iterations 0
Current time: 0.644222	timestep: 0.0496032
Linear solve did not converge due to DIVERGED_NANORINF iterations 0
Current time: 0.693825	timestep: 0.0496032
Linear solve did not converge due to DIVERGED_NANORINF iterations 0
Current time: 0.743428	timestep: 0.0496032
Linear solve did not converge due to DIVERGED_NANORINF iterations 0
Current time: 0.793032	timestep: 0.0496032
Linear solve did not converge due to DIVERGED_NANORINF iterations 0
Current time: 0.842635	timestep: 0.0496032
Linear solve did not converge due to DIVERGED_NANORINF iterations 0
Current time: 0.892238	timestep: 0.0496032
Linear solve did not converge due to DIVERGED_NANORINF iterations 0
Current time: 0.941841	timestep: 0.0496032
Linear solve did not converge due to DIVERGED_NANORINF iterations 0
Current time: 0.991444	timestep: 0.0496032
Linear solve did not converge due to DIVERGED_NANORINF iterations 0
Current time: 1.04105	timestep: 0.0496032
Linear solve did not converge due to DIVERGED_NANORINF iterations 0
Current time: 1.09065	timestep: 0.0496032
Linear solve did not converge due to DIVERGED_NANORINF iterations 0
Current time: 1.14025	timestep: 0.0496032
Linear solve did not converge due to DIVERGED_NANORINF iterations 0
Current time: 1.18986	timestep: 0.0496032
Linear solve did not converge due to DIVERGED_NANORINF iterations 0
Current time: 1.23946	timestep: 0.0496032
Linear solve did not converge due to DIVERGED_NANORINF iterations 0
Current time: 1.28906	timestep: 0.0496032
Linear solve did not converge due to DIVERGED_NANORINF iterations 0
Current time: 1.33867	timestep: 0.0496032
Linear solve did not converge due to DIVERGED_NANORINF iterations 0
Current time: 1.38827	timestep: 0.0496032
Linear solve did not converge due to DIVERGED_NANORINF iterations 0
Current time: 1.43787	timestep: 0.0496032
Linear solve did not converge due to DIVERGED_NANORINF iterations 0
Current time: 1.48748	timestep: 0.0496032
Linear solve did not converge due to DIVERGED_NANORINF iterations 0
Current time: 1.53708	timestep: 0.0496032
Linear solve did not converge due to DIVERGED_NANORINF iterations 0
Current time: 1.58668	timestep: 0.0496032
Linear solve did not converge due to DIVERGED_NANORINF iterations 0
Current time: 1.63629	timestep: 0.0496032
Linear solve did not converge due to DIVERGED_NANORINF iterations 0
Current time: 1.68589	timestep: 0.0496032
Linear solve did not converge due to DIVERGED_NANORINF iterations 0
Current time: 1.73549	timestep: 0.0496032
Linear solve did not converge due to DIVERGED_NANORINF iterations 0
Current time: 1.7851	timestep: 0.0496032
Linear solve did not converge due to DIVERGED_NANORINF iterations 0
Current time: 1.8347	timestep: 0.0496032
Linear solve did not converge due to DIVERGED_NANORINF iterations 0
Current time: 1.8843	timestep: 0.0496032
Linear solve did not converge due to DIVERGED_NANORINF iterations 0
Current time: 1.9339	timestep: 0.0496032
Linear solve did not converge due to DIVERGED_NANORINF iterations 0
Current time: 1.98351	timestep: 0.0496032
Linear solve did not converge due to DIVERGED_NANORINF iterations 0
Current time: 2.03311	timestep: 0.0496032
Linear solve did not converge due to DIVERGED_NANORINF iterations 0
Current time: 2.08271	timestep: 0.0496032
Linear solve did not converge due to DIVERGED_NANORINF iterations 0
Current time: 2.13232	timestep: 0.0496032
Linear solve did not converge due to DIVERGED_NANORINF iterations 0
Current time: 2.18192	timestep: 0.0496032
Linear solve did not converge due to DIVERGED_NANORINF iterations 0
Current time: 2.23152	timestep: 0.0496032
Linear solve did not converge due to DIVERGED_NANORINF iterations 0
Current time: 2.28113	timestep: 0.0496032
Linear solve did not converge due to DIVERGED_NANORINF iterations 0
Current time: 2.33073	timestep: 0.0496032
Linear solve did not converge due to DIVERGED_NANORINF iterations 0
Current time: 2.38033	timestep: 0.0496032
Linear solve did not converge due to DIVERGED_NANORINF iterations 0
Current time: 2.42994	timestep: 0.0496032
Linear solve did not converge due to DIVERGED_NANORINF iterations 0
Current time: 2.47954	timestep: 0.0496032
Linear solve did not converge due to DIVERGED_NANORINF iterations 0
Current time: 2.52914	timestep: 0.0496032
Linear solve did not converge due to DIVERGED_NANORINF iterations 0
Current time: 2.57875	timestep: 0.0496032
Linear solve did not converge due to DIVERGED_NANORINF iterations 0
Current time: 2.62835	timestep: 0.0496032
Linear solve did not converge due to DIVERGED_NANORINF iterations 0
Current time: 2.67795	timestep: 0.0496032
Linear solve did not converge due to DIVERGED_NANORINF iterations 0
Current time: 2.72756	timestep: 0.0496032
Linear solve did not converge due to DIVERGED_NANORINF iterations 0
Current time: 2.77716	timestep: 0.0496032
Linear solve did not converge due to DIVERGED_NANORINF iterations 0
Current time: 2.82676	timestep: 0.0496032
Linear solve did not converge due to DIVERGED_NANORINF iterations 0
Current time: 2.87636	timestep: 0.0496032
Linear solve did not converge due to DIVERGED_NANORINF iterations 0
Current time: 2.92597	timestep: 0.0496032
Linear solve did not converge due to DIVERGED_NANORINF iterations 0
Current time: 2.97557	timestep: 0.0496032
Linear solve did not converge due to DIVERGED_NANORINF iterations 0
Current time: 3.02517	timestep: 0.0496032
